<?xml version="1.0" encoding="utf-8"?><testsuites name="pytest tests"><testsuite name="pytest" errors="0" failures="0" skipped="0" tests="50" time="13.539" timestamp="2026-07-08T16:43:45.551588+00:00" hostname="vscode"><testcase classname="tests.test_audio_agent" name="test_moderate_audio_exists" time="0.001" /><testcase classname="tests.test_audio_agent" name="test_moderate_audio_returns_audio_moderation_result" time="0.056" /><testcase classname="tests.test_audio_agent" name="test_moderate_audio_has_required_fields" time="0.037" /><testcase classname="tests.test_audio_agent" name="test_moderate_audio_rationale_not_empty" time="0.032" /><testcase classname="tests.test_audio_agent" name="test_moderate_audio_transcription_not_empty" time="0.033" /><testcase classname="tests.test_env_setup" name="test_env_file_exists" time="0.000" /><testcase classname="tests.test_env_setup" name="test_gemini_api_key_is_set" time="0.000" /><testcase classname="tests.test_env_setup" name="test_user_api_key_is_set" time="0.000" /><testcase classname="tests.test_env_setup" name="test_default_google_model_is_set" time="0.000" /><testcase classname="tests.test_env_setup" name="test_can_call_gemini_api" time="0.867" /><testcase classname="tests.test_gradio_app" name="test_create_chat_interface_returns_blocks" time="0.444" /><testcase classname="tests.test_gradio_app" name="test_chatbot_uses_messages_type" time="0.312" /><testcase classname="tests.test_gradio_app" name="test_chatbot_has_copy_button" time="0.443" /><testcase classname="tests.test_gradio_app" name="test_demo_has_chatbot_component" time="0.304" /><testcase classname="tests.test_gradio_app" name="test_demo_has_multimodal_textbox" time="0.461" /><testcase classname="tests.test_gradio_app" name="test_multimodal_textbox_accepts_multiple_files" time="0.304" /><testcase classname="tests.test_gradio_app" name="test_multimodal_textbox_accepts_correct_file_types" time="0.460" /><testcase classname="tests.test_gradio_app" name="test_chat_with_gemini_calls_moderation" time="0.025" /><testcase classname="tests.test_gradio_app" name="test_chat_with_gemini_blocks_flagged_content" time="0.006" /><testcase classname="tests.test_image_agent" name="test_moderate_image_exists" time="0.000" /><testcase classname="tests.test_image_agent" name="test_moderate_image_returns_image_moderation_result" time="0.041" /><testcase classname="tests.test_image_agent" name="test_moderate_image_has_required_fields" time="0.036" /><testcase classname="tests.test_image_agent" name="test_moderate_image_rationale_not_empty" time="0.045" /><testcase classname="tests.test_moderation_result.TestModerationResult" name="test_has_rationale_field" time="0.000" /><testcase classname="tests.test_moderation_result.TestModerationResult" name="test_rationale_is_required" time="0.001" /><testcase classname="tests.test_moderation_result.TestModerationResult" name="test_is_pydantic_model" time="0.000" /><testcase classname="tests.test_moderation_result.TestTextModerationResult" name="test_has_all_required_fields" time="0.000" /><testcase classname="tests.test_moderation_result.TestTextModerationResult" name="test_field_types" time="0.000" /><testcase classname="tests.test_moderation_result.TestTextModerationResult" name="test_inherits_from_moderation_result" time="0.000" /><testcase classname="tests.test_moderation_result.TestTextModerationResult" name="test_all_fields_are_required" time="0.001" /><testcase classname="tests.test_moderation_result.TestImageModerationResult" name="test_has_all_required_fields" time="0.000" /><testcase classname="tests.test_moderation_result.TestImageModerationResult" name="test_field_types" time="0.000" /><testcase classname="tests.test_moderation_result.TestImageModerationResult" name="test_inherits_from_moderation_result" time="0.000" /><testcase classname="tests.test_moderation_result.TestImageModerationResult" name="test_all_fields_are_required" time="0.001" /><testcase classname="tests.test_moderation_result.TestVideoModerationResult" name="test_has_all_required_fields" time="0.000" /><testcase classname="tests.test_moderation_result.TestVideoModerationResult" name="test_field_types" time="0.000" /><testcase classname="tests.test_moderation_result.TestVideoModerationResult" name="test_inherits_from_moderation_result" time="0.000" /><testcase classname="tests.test_moderation_result.TestVideoModerationResult" name="test_all_fields_are_required" time="0.000" /><testcase classname="tests.test_moderation_result.TestAudioModerationResult" name="test_has_all_required_fields" time="0.000" /><testcase classname="tests.test_moderation_result.TestAudioModerationResult" name="test_field_types" time="0.000" /><testcase classname="tests.test_moderation_result.TestAudioModerationResult" name="test_inherits_from_moderation_result" time="0.000" /><testcase classname="tests.test_moderation_result.TestAudioModerationResult" name="test_all_fields_are_required" time="0.001" /><testcase classname="tests.test_text_agent" name="test_moderate_text_exists" time="0.000" /><testcase classname="tests.test_text_agent" name="test_moderate_text_returns_text_moderation_result" time="0.039" /><testcase classname="tests.test_text_agent" name="test_moderate_text_has_required_fields" time="0.036" /><testcase classname="tests.test_text_agent" name="test_moderate_text_rationale_not_empty" time="0.041" /><testcase classname="tests.test_video_agent" name="test_moderate_video_exists" time="0.000" /><testcase classname="tests.test_video_agent" name="test_moderate_video_returns_video_moderation_result" time="0.032" /><testcase classname="tests.test_video_agent" name="test_moderate_video_has_required_fields" time="0.032" /><testcase classname="tests.test_video_agent" name="test_moderate_video_rationale_not_empty" time="0.043" /></testsuite></testsuites>